<?xml version="1.0" encoding="UTF-8"?>
<testng-results ignored="0" total="1" passed="1" failed="0" skipped="0">
  <reporter-output>
  </reporter-output>
  <suite started-at="2022-12-15T13:01:00 IST" name="Default suite" finished-at="2022-12-15T13:01:04 IST" duration-ms="4387">
    <groups>
    </groups>
    <test started-at="2022-12-15T13:01:00 IST" name="Default test" finished-at="2022-12-15T13:01:04 IST" duration-ms="4387">
      <class name="rmgYantra.projects.CreateResReqRes">
        <test-method signature="createResTest()[pri:0, instance:rmgYantra.projects.CreateResReqRes@29e495ff]" started-at="2022-12-15T13:01:00 IST" name="createResTest" finished-at="2022-12-15T13:01:04 IST" duration-ms="4265" status="PASS">
          <reporter-output>
          </reporter-output>
        </test-method> <!-- createResTest -->
      </class> <!-- rmgYantra.projects.CreateResReqRes -->
    </test> <!-- Default test -->
  </suite> <!-- Default suite -->
</testng-results>
